[debug] [2022-04-06T10:56:33.088Z] ----------------------------------------------------------------------
[debug] [2022-04-06T10:56:33.089Z] Command:       /home/jacob/.nvm/versions/node/v16.14.1/bin/node /home/jacob/.nvm/versions/node/v16.14.1/bin/firebase emulators:start --only auth
[debug] [2022-04-06T10:56:33.089Z] CLI Version:   10.6.0
[debug] [2022-04-06T10:56:33.090Z] Platform:      linux
[debug] [2022-04-06T10:56:33.090Z] Node Version:  v16.14.1
[debug] [2022-04-06T10:56:33.090Z] Time:          Wed Apr 06 2022 05:56:33 GMT-0500 (Central Daylight Time)
[debug] [2022-04-06T10:56:33.090Z] ----------------------------------------------------------------------
[debug] 
[debug] [2022-04-06T10:56:33.134Z] > command requires scopes: ["email","openid","https://www.googleapis.com/auth/cloudplatformprojects.readonly","https://www.googleapis.com/auth/firebase","https://www.googleapis.com/auth/cloud-platform"]
[debug] [2022-04-06T10:56:33.135Z] > authorizing via signed-in user (jacob_yancey@yahoo.com)
[info] i  emulators: Starting emulators: auth {"metadata":{"emulator":{"name":"hub"},"message":"Starting emulators: auth"}}
[debug] [2022-04-06T10:56:33.159Z] [hub] writing locator at /tmp/hub-taekwondo-bulletin.json
[debug] [2022-04-06T10:56:38.726Z] Ignoring unsupported arg: auto_download {"metadata":{"emulator":{"name":"ui"},"message":"Ignoring unsupported arg: auto_download"}}
[debug] [2022-04-06T10:56:38.727Z] Ignoring unsupported arg: port {"metadata":{"emulator":{"name":"ui"},"message":"Ignoring unsupported arg: port"}}
[debug] [2022-04-06T10:56:38.727Z] Starting Emulator UI with command {"binary":"node","args":["/home/jacob/.cache/firebase/emulators/ui-v1.6.5/server.bundle.js"],"optionalArgs":[],"joinArgs":false} {"metadata":{"emulator":{"name":"ui"},"message":"Starting Emulator UI with command {\"binary\":\"node\",\"args\":[\"/home/jacob/.cache/firebase/emulators/ui-v1.6.5/server.bundle.js\"],\"optionalArgs\":[],\"joinArgs\":false}"}}
[info] i  ui: Emulator UI logging to ui-debug.log {"metadata":{"emulator":{"name":"ui"},"message":"Emulator UI logging to \u001b[1mui-debug.log\u001b[22m"}}
[debug] [2022-04-06T10:56:38.852Z] Web / API server started at localhost:4000
 {"metadata":{"emulator":{"name":"ui"},"message":"Web / API server started at localhost:4000\n"}}
[info] 
┌─────────────────────────────────────────────────────────────┐
│ ✔  All emulators ready! It is now safe to connect your app. │
│ i  View Emulator UI at http://localhost:4000                │
└─────────────────────────────────────────────────────────────┘

┌────────────────┬────────────────┬────────────────────────────┐
│ Emulator       │ Host:Port      │ View in Emulator UI        │
├────────────────┼────────────────┼────────────────────────────┤
│ Authentication │ localhost:9099 │ http://localhost:4000/auth │
└────────────────┴────────────────┴────────────────────────────┘
  Emulator Hub running at localhost:4400
  Other reserved ports: 4500

Issues? Report them at https://github.com/firebase/firebase-tools/issues and attach the *-debug.log files.
 
